{"level":"info","message":"Server is running on port 5000","service":"helpshare-backend","timestamp":"2026-05-13 10:37:05"}
{"level":"info","message":"Server is running on port 5000","service":"helpshare-backend","timestamp":"2026-05-13 11:21:04"}
{"level":"info","message":"Server is running on port 5000","service":"helpshare-backend","timestamp":"2026-05-13 11:21:56"}
{"level":"info","message":"Server is running on port 5000","service":"helpshare-backend","timestamp":"2026-05-13 11:22:10"}
{"level":"info","message":"Server is running on port 5000","service":"helpshare-backend","timestamp":"2026-05-13 11:22:19"}
{"level":"info","message":"Server is running on port 5000","service":"helpshare-backend","timestamp":"2026-05-13 11:22:25"}
{"level":"info","message":"Server is running on port 5000","service":"helpshare-backend","timestamp":"2026-05-13 11:34:36"}
{"level":"info","message":"Server is running on port 5000","service":"helpshare-backend","timestamp":"2026-05-13 11:34:46"}
{"level":"info","message":"Server is running on port 5000","service":"helpshare-backend","timestamp":"2026-05-13 11:35:40"}
{"level":"info","message":"Server is running on port 5000","service":"helpshare-backend","timestamp":"2026-05-13 11:35:50"}
{"level":"info","message":"Server is running on port 5000","service":"helpshare-backend","timestamp":"2026-05-13 11:36:00"}
{"level":"info","message":"Server is running on port 5000","service":"helpshare-backend","timestamp":"2026-05-13 11:36:11"}
{"level":"info","message":"Server is running on port 5000","service":"helpshare-backend","timestamp":"2026-05-13 11:36:42"}
{"level":"info","message":"Server is running on port 5000","service":"helpshare-backend","timestamp":"2026-05-13 11:37:01"}
{"level":"info","message":"Server is running on port 5000","service":"helpshare-backend","timestamp":"2026-05-13 11:37:35"}
{"level":"info","message":"Server is running on port 5000","service":"helpshare-backend","timestamp":"2026-05-13 11:37:52"}
{"level":"info","message":"Server is running on port 5000","service":"helpshare-backend","timestamp":"2026-05-13 11:38:14"}
{"level":"info","message":"Server is running on port 5000","service":"helpshare-backend","timestamp":"2026-05-13 11:38:31"}
{"level":"info","message":"Server is running on port 5000","service":"helpshare-backend","timestamp":"2026-05-13 11:38:48"}
{"level":"info","message":"Server is running on port 5000","service":"helpshare-backend","timestamp":"2026-05-13 11:39:06"}
{"level":"info","message":"Server is running on port 5000","service":"helpshare-backend","timestamp":"2026-05-13 11:39:16"}
{"level":"info","message":"Server is running on port 5000","service":"helpshare-backend","timestamp":"2026-05-13 11:39:26"}
{"level":"info","message":"Server is running on port 5000","service":"helpshare-backend","timestamp":"2026-05-13 11:39:45"}
{"level":"info","message":"Server is running on port 5000","service":"helpshare-backend","timestamp":"2026-05-13 11:39:57"}
{"level":"info","message":"Server is running on port 5000","service":"helpshare-backend","timestamp":"2026-05-13 11:40:11"}
{"level":"info","message":"Server is running on port 5000","service":"helpshare-backend","timestamp":"2026-05-13 11:42:05"}
{"level":"info","message":"Server is running on port 5000","service":"helpshare-backend","timestamp":"2026-05-13 11:43:02"}
{"level":"info","message":"Server is running on port 5000","service":"helpshare-backend","timestamp":"2026-05-13 11:46:23"}
{"level":"info","message":"Server is running on port 5000","service":"helpshare-backend","timestamp":"2026-05-13 11:46:57"}
{"level":"info","message":"Server is running on port 5000","service":"helpshare-backend","timestamp":"2026-05-13 11:47:47"}
{"level":"info","message":"Server is running on port 5000","service":"helpshare-backend","timestamp":"2026-05-13 12:30:11"}
{"level":"info","message":"Server is running on port 5000","service":"helpshare-backend","timestamp":"2026-05-13 12:31:02"}
{"level":"info","message":"Server is running on port 5000","service":"helpshare-backend","timestamp":"2026-05-13 12:31:48"}
{"level":"info","message":"Server is running on port 5000","service":"helpshare-backend","timestamp":"2026-05-13 15:51:27"}
{"level":"error","message":"Invalid or expired token","method":"POST","path":"/api/v1/post/create","service":"helpshare-backend","stack":"Error: Invalid or expired token\n    at E:\\Coding\\Web\\Web L2\\foodlink-backend\\src\\app\\middlewares\\auth.ts:35:23\n    at E:\\Coding\\Web\\Web L2\\foodlink-backend\\src\\app\\utils\\catchAsync.ts:5:21\n    at Layer.handleRequest (E:\\Coding\\Web\\Web L2\\foodlink-backend\\node_modules\\router\\lib\\layer.js:152:17)\n    at next (E:\\Coding\\Web\\Web L2\\foodlink-backend\\node_modules\\router\\lib\\route.js:157:13)\n    at Route.dispatch (E:\\Coding\\Web\\Web L2\\foodlink-backend\\node_modules\\router\\lib\\route.js:117:3)\n    at handle (E:\\Coding\\Web\\Web L2\\foodlink-backend\\node_modules\\router\\index.js:435:11)\n    at Layer.handleRequest (E:\\Coding\\Web\\Web L2\\foodlink-backend\\node_modules\\router\\lib\\layer.js:152:17)\n    at E:\\Coding\\Web\\Web L2\\foodlink-backend\\node_modules\\router\\index.js:295:15\n    at processParams (E:\\Coding\\Web\\Web L2\\foodlink-backend\\node_modules\\router\\index.js:582:12)\n    at next (E:\\Coding\\Web\\Web L2\\foodlink-backend\\node_modules\\router\\index.js:291:5)","statusCode":401,"timestamp":"2026-05-13 15:53:54"}
{"level":"error","message":"Invalid refresh token","method":"POST","path":"/api/v1/auth/refresh","service":"helpshare-backend","stack":"Error: Invalid refresh token\n    at Object.refreshToken (E:\\Coding\\Web\\Web L2\\foodlink-backend\\src\\app\\modules\\auth\\auth.service.ts:484:15)\n    at E:\\Coding\\Web\\Web L2\\foodlink-backend\\src\\app\\modules\\auth\\auth.controller.ts:160:38\n    at E:\\Coding\\Web\\Web L2\\foodlink-backend\\src\\app\\utils\\catchAsync.ts:5:21\n    at Layer.handleRequest (E:\\Coding\\Web\\Web L2\\foodlink-backend\\node_modules\\router\\lib\\layer.js:152:17)\n    at next (E:\\Coding\\Web\\Web L2\\foodlink-backend\\node_modules\\router\\lib\\route.js:157:13)\n    at Route.dispatch (E:\\Coding\\Web\\Web L2\\foodlink-backend\\node_modules\\router\\lib\\route.js:117:3)\n    at handle (E:\\Coding\\Web\\Web L2\\foodlink-backend\\node_modules\\router\\index.js:435:11)\n    at Layer.handleRequest (E:\\Coding\\Web\\Web L2\\foodlink-backend\\node_modules\\router\\lib\\layer.js:152:17)\n    at E:\\Coding\\Web\\Web L2\\foodlink-backend\\node_modules\\router\\index.js:295:15\n    at processParams (E:\\Coding\\Web\\Web L2\\foodlink-backend\\node_modules\\router\\index.js:582:12)","statusCode":401,"timestamp":"2026-05-13 15:53:55"}
{"level":"error","message":"Password does not match","method":"POST","path":"/api/v1/auth/login","service":"helpshare-backend","stack":"Error: Password does not match\n    at Object.loginUser (E:\\Coding\\Web\\Web L2\\foodlink-backend\\src\\app\\modules\\auth\\auth.service.ts:156:15)\n    at E:\\Coding\\Web\\Web L2\\foodlink-backend\\src\\app\\modules\\auth\\auth.controller.ts:26:20","statusCode":403,"timestamp":"2026-05-13 15:54:31"}
{"level":"error","message":"User not found","method":"POST","path":"/api/v1/auth/login","service":"helpshare-backend","stack":"Error: User not found\n    at Object.loginUser (E:\\Coding\\Web\\Web L2\\foodlink-backend\\src\\app\\modules\\auth\\auth.service.ts:139:15)\n    at processTicksAndRejections (node:internal/process/task_queues:105:5)\n    at E:\\Coding\\Web\\Web L2\\foodlink-backend\\src\\app\\modules\\auth\\auth.controller.ts:26:20","statusCode":404,"timestamp":"2026-05-13 15:54:39"}
{"level":"error","message":"User not found","method":"POST","path":"/api/v1/auth/login","service":"helpshare-backend","stack":"Error: User not found\n    at Object.loginUser (E:\\Coding\\Web\\Web L2\\foodlink-backend\\src\\app\\modules\\auth\\auth.service.ts:139:15)\n    at processTicksAndRejections (node:internal/process/task_queues:105:5)\n    at E:\\Coding\\Web\\Web L2\\foodlink-backend\\src\\app\\modules\\auth\\auth.controller.ts:26:20","statusCode":404,"timestamp":"2026-05-13 15:54:40"}
{"level":"error","message":"Duplicate Entry","method":"POST","path":"/api/v1/auth/register","service":"helpshare-backend","stack":"PrismaClientKnownRequestError: \nInvalid `prisma.user.create()` invocation in\nE:\\Coding\\Web\\Web L2\\foodlink-backend\\src\\app\\modules\\auth\\auth.service.ts:83:39\n\n  80         ? AccountStatus.PENDING\n  81         : AccountStatus.ACTIVE;\n  82 \n→ 83 const newUser = await prisma.user.create(\nUnique constraint failed on the fields: (`phone`)\n    at zr.handleRequestError (E:\\Coding\\Web\\Web L2\\foodlink-backend\\src\\generated\\prisma\\runtime\\client.js:69:8286)\n    at zr.handleAndLogRequestError (E:\\Coding\\Web\\Web L2\\foodlink-backend\\src\\generated\\prisma\\runtime\\client.js:69:7581)\n    at zr.request (E:\\Coding\\Web\\Web L2\\foodlink-backend\\src\\generated\\prisma\\runtime\\client.js:69:7288)\n    at processTicksAndRejections (node:internal/process/task_queues:105:5)\n    at a (E:\\Coding\\Web\\Web L2\\foodlink-backend\\src\\generated\\prisma\\runtime\\client.js:79:6862)\n    at Object.registerUser (E:\\Coding\\Web\\Web L2\\foodlink-backend\\src\\app\\modules\\auth\\auth.service.ts:83:21)\n    at E:\\Coding\\Web\\Web L2\\foodlink-backend\\src\\app\\modules\\auth\\auth.controller.ts:9:20","statusCode":409,"timestamp":"2026-05-13 15:59:03"}
{"level":"info","message":"Server is running on port 5000","service":"helpshare-backend","timestamp":"2026-05-13 16:17:31"}
{"level":"info","message":"Server is running on port 5000","service":"helpshare-backend","timestamp":"2026-05-13 16:17:35"}
{"level":"info","message":"Server is running on port 5000","service":"helpshare-backend","timestamp":"2026-05-13 16:17:45"}
{"level":"info","message":"Server is running on port 5000","service":"helpshare-backend","timestamp":"2026-05-13 16:17:56"}
{"level":"info","message":"Server is running on port 5000","service":"helpshare-backend","timestamp":"2026-05-13 16:19:38"}
{"level":"error","message":"Post not found","method":"GET","path":"/api/v1/post/3","service":"helpshare-backend","stack":"Error: Post not found\n    at Object.getPostById (E:\\Coding\\Web\\Web L2\\foodlink-backend\\src\\app\\modules\\post\\post.service.ts:225:15)\n    at processTicksAndRejections (node:internal/process/task_queues:105:5)\n    at E:\\Coding\\Web\\Web L2\\foodlink-backend\\src\\app\\modules\\post\\post.controller.ts:92:18","statusCode":404,"timestamp":"2026-05-13 16:41:22"}
{"level":"info","message":"Server is running on port 5000","service":"helpshare-backend","timestamp":"2026-05-13 17:28:13"}
{"level":"info","message":"Server is running on port 5000","service":"helpshare-backend","timestamp":"2026-05-13 17:28:20"}
