{"level":"info","message":"Server is running on port 5000","service":"helpshare-backend","timestamp":"2026-05-15 00:49:03"}
{"level":"info","message":"Server is running on port 5000","service":"helpshare-backend","timestamp":"2026-05-15 00:49:57"}
{"level":"info","message":"Server is running on port 5000","service":"helpshare-backend","timestamp":"2026-05-15 00:51:28"}
{"level":"info","message":"Server is running on port 5000","service":"helpshare-backend","timestamp":"2026-05-15 01:04:52"}
{"level":"info","message":"Server is running on port 5000","service":"helpshare-backend","timestamp":"2026-05-15 01:05:07"}
{"level":"info","message":"Server is running on port 5000","service":"helpshare-backend","timestamp":"2026-05-15 01:05:14"}
{"level":"info","message":"Server is running on port 5000","service":"helpshare-backend","timestamp":"2026-05-15 01:05:30"}
{"level":"info","message":"Server is running on port 5000","service":"helpshare-backend","timestamp":"2026-05-15 01:08:00"}
{"level":"info","message":"Server is running on port 5000","service":"helpshare-backend","timestamp":"2026-05-15 01:08:39"}
{"level":"info","message":"Server is running on port 5000","service":"helpshare-backend","timestamp":"2026-05-15 01:08:44"}
{"level":"info","message":"Server is running on port 5000","service":"helpshare-backend","timestamp":"2026-05-15 01:08:59"}
{"level":"info","message":"Server is running on port 5000","service":"helpshare-backend","timestamp":"2026-05-15 01:09:12"}
{"level":"info","message":"Server is running on port 5000","service":"helpshare-backend","timestamp":"2026-05-15 01:09:21"}
{"level":"info","message":"Server is running on port 5000","service":"helpshare-backend","timestamp":"2026-05-15 01:10:49"}
{"level":"info","message":"Server is running on port 5000","service":"helpshare-backend","timestamp":"2026-05-15 01:11:06"}
{"level":"info","message":"Server is running on port 5000","service":"helpshare-backend","timestamp":"2026-05-15 01:11:23"}
{"level":"info","message":"Server is running on port 5000","service":"helpshare-backend","timestamp":"2026-05-15 01:11:30"}
{"level":"info","message":"Server is running on port 5000","service":"helpshare-backend","timestamp":"2026-05-15 01:12:16"}
{"level":"info","message":"Server is running on port 5000","service":"helpshare-backend","timestamp":"2026-05-15 01:12:40"}
{"level":"info","message":"Server is running on port 5000","service":"helpshare-backend","timestamp":"2026-05-15 01:22:04"}
{"level":"info","message":"Server is running on port 5000","service":"helpshare-backend","timestamp":"2026-05-15 01:26:19"}
{"level":"info","message":"Server is running on port 5000","service":"helpshare-backend","timestamp":"2026-05-15 01:32:11"}
{"level":"info","message":"Server is running on port 5000","service":"helpshare-backend","timestamp":"2026-05-15 01:35:34"}
{"level":"info","message":"Server is running on port 5000","service":"helpshare-backend","timestamp":"2026-05-15 01:52:39"}
{"level":"info","message":"Server is running on port 5000","service":"helpshare-backend","timestamp":"2026-05-15 01:52:40"}
{"level":"info","message":"Server is running on port 5000","service":"helpshare-backend","timestamp":"2026-05-15 01:52:46"}
{"level":"info","message":"Server is running on port 5000","service":"helpshare-backend","timestamp":"2026-05-15 01:52:56"}
{"level":"info","message":"Server is running on port 5000","service":"helpshare-backend","timestamp":"2026-05-15 01:53:05"}
{"level":"info","message":"Server is running on port 5000","service":"helpshare-backend","timestamp":"2026-05-15 01:53:14"}
{"level":"info","message":"Server is running on port 5000","service":"helpshare-backend","timestamp":"2026-05-15 01:53:22"}
{"level":"info","message":"Server is running on port 5000","service":"helpshare-backend","timestamp":"2026-05-15 01:53:32"}
{"level":"info","message":"Server is running on port 5000","service":"helpshare-backend","timestamp":"2026-05-15 01:53:43"}
{"level":"info","message":"Server is running on port 5000","service":"helpshare-backend","timestamp":"2026-05-15 01:54:36"}
{"level":"info","message":"Server is running on port 5000","service":"helpshare-backend","timestamp":"2026-05-15 01:54:42"}
{"level":"info","message":"Server is running on port 5000","service":"helpshare-backend","timestamp":"2026-05-15 02:11:24"}
{"level":"info","message":"Server is running on port 5000","service":"helpshare-backend","timestamp":"2026-05-15 02:26:38"}
{"level":"info","message":"Server is running on port 5000","service":"helpshare-backend","timestamp":"2026-05-15 02:26:48"}
{"level":"info","message":"Server is running on port 5000","service":"helpshare-backend","timestamp":"2026-05-15 03:31:41"}
{"level":"info","message":"Server is running on port 5000","service":"helpshare-backend","timestamp":"2026-05-15 03:39:27"}
{"level":"info","message":"Server is running on port 5000","service":"helpshare-backend","timestamp":"2026-05-15 03:46:30"}
{"level":"info","message":"Server is running on port 5000","service":"helpshare-backend","timestamp":"2026-05-15 10:42:32"}
{"level":"info","message":"Server is running on port http://localhost:${PORT}","service":"helpshare-backend","timestamp":"2026-05-15 10:44:51"}
{"level":"info","message":"Server is running on port http://localhost:5000","service":"helpshare-backend","timestamp":"2026-05-15 10:45:20"}
{"level":"info","message":"Server is running on port http://localhost:5000","service":"helpshare-backend","timestamp":"2026-05-15 10:45:30"}
{"level":"info","message":"Server is running on http://localhost:5000","service":"helpshare-backend","timestamp":"2026-05-15 10:46:03"}
{"level":"info","message":"Server is running on http://localhost:5000","service":"helpshare-backend","timestamp":"2026-05-15 12:31:42"}
{"level":"info","message":"Server is running on http://localhost:5000","service":"helpshare-backend","timestamp":"2026-05-15 13:01:54"}
{"level":"info","message":"Server is running on http://localhost:5000","service":"helpshare-backend","timestamp":"2026-05-15 18:38:38"}
{"level":"info","message":"Server is running on http://localhost:5000","service":"helpshare-backend","timestamp":"2026-05-15 18:39:02"}
{"level":"info","message":"Server is running on http://localhost:5000","service":"helpshare-backend","timestamp":"2026-05-15 19:09:16"}
{"level":"info","message":"Server is running on http://localhost:5000","service":"helpshare-backend","timestamp":"2026-05-15 19:10:05"}
{"level":"info","message":"Server is running on http://localhost:5000","service":"helpshare-backend","timestamp":"2026-05-15 19:10:18"}
{"level":"info","message":"Server is running on http://localhost:5000","service":"helpshare-backend","timestamp":"2026-05-15 19:10:28"}
{"level":"info","message":"Server is running on http://localhost:5000","service":"helpshare-backend","timestamp":"2026-05-15 19:10:40"}
{"level":"error","message":"Invalid or expired token","method":"GET","path":"/api/v1/admin/users?page=1&limit=10&sortBy=createdAt&sortOrder=desc","service":"helpshare-backend","stack":"Error: Invalid or expired token\n    at <anonymous> (E:\\Coding\\Web\\Web L2\\foodlink-backend\\src\\app\\middlewares\\auth.ts:35:23)\n    at <anonymous> (E:\\Coding\\Web\\Web L2\\foodlink-backend\\src\\app\\utils\\catchAsync.ts:5:21)\n    at Layer.handleRequest (E:\\Coding\\Web\\Web L2\\foodlink-backend\\node_modules\\router\\lib\\layer.js:152:17)\n    at next (E:\\Coding\\Web\\Web L2\\foodlink-backend\\node_modules\\router\\lib\\route.js:157:13)\n    at Route.dispatch (E:\\Coding\\Web\\Web L2\\foodlink-backend\\node_modules\\router\\lib\\route.js:117:3)\n    at handle (E:\\Coding\\Web\\Web L2\\foodlink-backend\\node_modules\\router\\index.js:435:11)\n    at Layer.handleRequest (E:\\Coding\\Web\\Web L2\\foodlink-backend\\node_modules\\router\\lib\\layer.js:152:17)\n    at E:\\Coding\\Web\\Web L2\\foodlink-backend\\node_modules\\router\\index.js:295:15\n    at processParams (E:\\Coding\\Web\\Web L2\\foodlink-backend\\node_modules\\router\\index.js:582:12)\n    at next (E:\\Coding\\Web\\Web L2\\foodlink-backend\\node_modules\\router\\index.js:291:5)","statusCode":401,"timestamp":"2026-05-15 19:33:53"}
{"level":"error","message":"Session expired or invalid","method":"POST","path":"/api/v1/auth/refresh","service":"helpshare-backend","stack":"Error: Session expired or invalid\n    at Object.refreshToken (E:\\Coding\\Web\\Web L2\\foodlink-backend\\src\\app\\modules\\auth\\auth.service.ts:529:15)\n    at process.processTicksAndRejections (node:internal/process/task_queues:105:5)\n    at async <anonymous> (E:\\Coding\\Web\\Web L2\\foodlink-backend\\src\\app\\modules\\auth\\auth.controller.ts:160:20)","statusCode":401,"timestamp":"2026-05-15 19:33:57"}
{"level":"info","message":"Server is running on http://localhost:5000","service":"helpshare-backend","timestamp":"2026-05-15 19:34:14"}
{"level":"info","message":"Server is running on http://localhost:5000","service":"helpshare-backend","timestamp":"2026-05-15 19:34:42"}
{"level":"info","message":"Server is running on http://localhost:5000","service":"helpshare-backend","timestamp":"2026-05-15 19:34:51"}
{"level":"info","message":"Server is running on http://localhost:5000","service":"helpshare-backend","timestamp":"2026-05-15 19:35:04"}
{"level":"info","message":"Server is running on http://localhost:5000","service":"helpshare-backend","timestamp":"2026-05-15 20:35:11"}
{"level":"info","message":"Server is running on http://localhost:5000","service":"helpshare-backend","timestamp":"2026-05-15 20:39:53"}
{"level":"info","message":"Server is running on http://localhost:5000","service":"helpshare-backend","timestamp":"2026-05-15 20:42:48"}
{"level":"info","message":"Server is running on http://localhost:5000","service":"helpshare-backend","timestamp":"2026-05-15 20:43:19"}
{"level":"info","message":"Server is running on http://localhost:5000","service":"helpshare-backend","timestamp":"2026-05-15 20:45:09"}
{"level":"info","message":"Server is running on http://localhost:5000","service":"helpshare-backend","timestamp":"2026-05-15 20:45:16"}
{"level":"info","message":"Server is running on http://localhost:5000","service":"helpshare-backend","timestamp":"2026-05-15 20:45:25"}
